<?xml version="1.0" encoding="UTF-8"?>
<!-- Generated by org.testng.reporters.JUnitReportReporter -->
<testsuite skipped="0" hostname="NARENDRA" name="testPages.HomePageTests" tests="2" failures="0" timestamp="23 Nov 2020 08:02:45 GMT" time="5.137" errors="0">
  <testcase name="verifyHomePageElements" time="1.216" classname="testPages.HomePageTests"/>
  <testcase name="validateLoginpagefunction" time="3.921" classname="testPages.HomePageTests"/>
</testsuite> <!-- testPages.HomePageTests -->
